Watching for file changes with StatReloader
[06/Jul/2025 23:14:28] "GET /exams/ HTTP/1.1" 200 29330
[06/Jul/2025 23:14:28] "GET /static/debug_toolbar/js/toolbar.js HTTP/1.1" 304 0
[06/Jul/2025 23:14:28] "GET /static/debug_toolbar/css/toolbar.css HTTP/1.1" 304 0
[06/Jul/2025 23:14:28] "GET /static/debug_toolbar/css/print.css HTTP/1.1" 304 0
[06/Jul/2025 23:14:28] "GET /static/debug_toolbar/js/utils.js HTTP/1.1" 304 0
[06/Jul/2025 23:14:30] "GET /exams/level/4/?type=listening_illustration HTTP/1.1" 200 40515
[06/Jul/2025 23:14:31] "GET /static/images/part1/listening_illustration_image1.png HTTP/1.1" 200 170772
[06/Jul/2025 23:14:31] "GET /static/images/part1/listening_illustration_image6.png HTTP/1.1" 200 135065
[06/Jul/2025 23:14:31] "GET /static/images/part1/listening_illustration_image20.png HTTP/1.1" 200 141955
[06/Jul/2025 23:14:31] "GET /static/images/part1/listening_illustration_image12.png HTTP/1.1" 200 434203
[06/Jul/2025 23:14:31] "GET /static/images/part1/listening_illustration_image5.png HTTP/1.1" 200 340280
[06/Jul/2025 23:14:31] "GET /static/audio/part1/listening_illustration_question5.mp3 HTTP/1.1" 200 80780
[06/Jul/2025 23:14:31] "GET /static/audio/part1/listening_illustration_question20.mp3 HTTP/1.1" 200 71660
[06/Jul/2025 23:14:31] "GET /static/audio/part1/listening_illustration_question6.mp3 HTTP/1.1" 200 78572
[06/Jul/2025 23:14:31] "GET /static/audio/part1/listening_illustration_question12.mp3 HTTP/1.1" 200 75596
[06/Jul/2025 23:14:31] "GET /static/audio/part1/listening_illustration_question1.mp3 HTTP/1.1" 200 78764
[06/Jul/2025 23:14:38] "GET /exams/level/4/?type=listening_illustration&num_questions=all&status=all HTTP/1.1" 200 84293
[06/Jul/2025 23:14:38] "GET /static/images/part1/listening_illustration_image4.png HTTP/1.1" 200 214735
[06/Jul/2025 23:14:38] "GET /static/images/part1/listening_illustration_image2.png HTTP/1.1" 200 153636
[06/Jul/2025 23:14:38] "GET /static/images/part1/listening_illustration_image8.png HTTP/1.1" 200 192818
[06/Jul/2025 23:14:38] "GET /static/images/part1/listening_illustration_image7.png HTTP/1.1" 200 139781
[06/Jul/2025 23:14:38] "GET /static/audio/part1/listening_illustration_question1.mp3 HTTP/1.1" 200 78764
[06/Jul/2025 23:14:38] "GET /static/images/part1/listening_illustration_image3.png HTTP/1.1" 200 182202
[06/Jul/2025 23:14:38] "GET /static/audio/part1/listening_illustration_question3.mp3 HTTP/1.1" 200 81740
[06/Jul/2025 23:14:38] "GET /static/audio/part1/listening_illustration_question6.mp3 HTTP/1.1" 200 78572
[06/Jul/2025 23:14:38] "GET /static/audio/part1/listening_illustration_question4.mp3 HTTP/1.1" 200 84908
[06/Jul/2025 23:14:38] "GET /static/audio/part1/listening_illustration_question2.mp3 HTTP/1.1" 200 85388
[06/Jul/2025 23:14:38] "GET /static/images/part1/listening_illustration_image10.png HTTP/1.1" 200 154961
[06/Jul/2025 23:14:38] "GET /static/images/part1/listening_illustration_image13.png HTTP/1.1" 200 281588
[06/Jul/2025 23:14:38] "GET /static/images/part1/listening_illustration_image11.png HTTP/1.1" 200 299318
[06/Jul/2025 23:14:38] "GET /static/images/part1/listening_illustration_image9.png HTTP/1.1" 200 142017
[06/Jul/2025 23:14:38] "GET /static/images/part1/listening_illustration_image14.png HTTP/1.1" 200 439722
[06/Jul/2025 23:14:38] "GET /static/audio/part1/listening_illustration_question7.mp3 HTTP/1.1" 200 87596
[06/Jul/2025 23:14:38] "GET /static/images/part1/listening_illustration_image15.png HTTP/1.1" 200 359465
[06/Jul/2025 23:14:38] "GET /static/images/part1/listening_illustration_image17.png HTTP/1.1" 404 2014
[06/Jul/2025 23:14:38] "GET /static/images/part1/listening_illustration_image16.png HTTP/1.1" 200 180624
[06/Jul/2025 23:14:38] "GET /static/audio/part1/listening_illustration_question8.mp3 HTTP/1.1" 200 79532
[06/Jul/2025 23:14:38] "GET /static/audio/part1/listening_illustration_question9.mp3 HTTP/1.1" 200 79148
[06/Jul/2025 23:14:38] "GET /static/audio/part1/listening_illustration_question10.mp3 HTTP/1.1" 200 77804
[06/Jul/2025 23:14:38] "GET /static/images/part1/listening_illustration_image18.png HTTP/1.1" 200 205885
[06/Jul/2025 23:14:38] "GET /static/audio/part1/listening_illustration_question16.mp3 HTTP/1.1" 200 71660
[06/Jul/2025 23:14:38] "GET /static/audio/part1/listening_illustration_question13.mp3 HTTP/1.1" 200 77804
[06/Jul/2025 23:14:38] "GET /static/audio/part1/listening_illustration_question11.mp3 HTTP/1.1" 200 68204
[06/Jul/2025 23:14:38] "GET /static/audio/part1/listening_illustration_question14.mp3 HTTP/1.1" 200 79052
[06/Jul/2025 23:14:38] "GET /static/audio/part1/listening_illustration_question15.mp3 HTTP/1.1" 200 80012
[06/Jul/2025 23:14:38] "GET /static/audio/part1/listening_illustration_question17.mp3 HTTP/1.1" 200 71948
[06/Jul/2025 23:14:39] "GET /static/audio/part1/listening_illustration_question18.mp3 HTTP/1.1" 200 76076
[06/Jul/2025 23:14:39] "GET /static/images/part1/listening_illustration_image19.png HTTP/1.1" 200 149606
[06/Jul/2025 23:14:39] "GET /static/audio/part1/listening_illustration_question19.mp3 HTTP/1.1" 200 83660
[06/Jul/2025 23:20:08] "GET /exams/level/4/?type=listening_illustration&num_questions=all&status=all HTTP/1.1" 200 84293
[06/Jul/2025 23:20:08] "GET /static/audio/part1/listening_illustration_question2.mp3 HTTP/1.1" 200 85388
[06/Jul/2025 23:20:08] "GET /static/audio/part1/listening_illustration_question4.mp3 HTTP/1.1" 200 84908
[06/Jul/2025 23:20:08] "GET /static/images/part1/listening_illustration_image17.png HTTP/1.1" 200 205885
[06/Jul/2025 23:20:08] "GET /static/audio/part1/listening_illustration_question8.mp3 HTTP/1.1" 200 79532
[06/Jul/2025 23:20:08] "GET /static/audio/part1/listening_illustration_question10.mp3 HTTP/1.1" 200 77804
[06/Jul/2025 23:20:08] "GET /static/audio/part1/listening_illustration_question13.mp3 HTTP/1.1" 304 0
[06/Jul/2025 23:20:08] "GET /static/audio/part1/listening_illustration_question11.mp3 HTTP/1.1" 304 0
[06/Jul/2025 23:20:08] "GET /static/audio/part1/listening_illustration_question14.mp3 HTTP/1.1" 304 0
[06/Jul/2025 23:20:08] "GET /static/audio/part1/listening_illustration_question16.mp3 HTTP/1.1" 304 0
[06/Jul/2025 23:20:08] "GET /static/audio/part1/listening_illustration_question17.mp3 HTTP/1.1" 304 0
[06/Jul/2025 23:20:08] "GET /static/audio/part1/listening_illustration_question18.mp3 HTTP/1.1" 304 0
[06/Jul/2025 23:20:08] "GET /static/audio/part1/listening_illustration_question12.mp3 HTTP/1.1" 304 0
[06/Jul/2025 23:20:08] "GET /static/audio/part1/listening_illustration_question15.mp3 HTTP/1.1" 304 0
[06/Jul/2025 23:20:08] "GET /static/audio/part1/listening_illustration_question19.mp3 HTTP/1.1" 304 0
[06/Jul/2025 23:20:08] "GET /static/audio/part1/listening_illustration_question20.mp3 HTTP/1.1" 304 0
[07/Jul/2025 22:36:06] "GET /exams/ HTTP/1.1" 200 29331
[07/Jul/2025 22:37:03] "GET /exams/level/4/?type=listening_conversation HTTP/1.1" 200 41158
[07/Jul/2025 22:37:03] "GET /static/audio/part2/listening_conversation_question6.mp3 HTTP/1.1" 304 0
[07/Jul/2025 22:37:03] "GET /static/audio/part2/listening_conversation_question9.mp3 HTTP/1.1" 200 80108
[07/Jul/2025 22:37:03] "GET /static/audio/part2/listening_conversation_question10.mp3 HTTP/1.1" 200 86636
[07/Jul/2025 22:37:03] "GET /static/audio/part2/listening_conversation_question8.mp3 HTTP/1.1" 304 0
[07/Jul/2025 22:37:03] "GET /static/audio/part2/listening_conversation_question4.mp3 HTTP/1.1" 200 82700
[07/Jul/2025 22:37:10] "GET /exams/level/4/?type=listening_conversation&num_questions=all&status=all HTTP/1.1" 200 56607
[07/Jul/2025 22:37:11] "GET /static/audio/part2/listening_conversation_question3.mp3 HTTP/1.1" 304 0
[07/Jul/2025 22:37:11] "GET /static/audio/part2/listening_conversation_question2.mp3 HTTP/1.1" 304 0
[07/Jul/2025 22:37:11] "GET /static/audio/part2/listening_conversation_question1.mp3 HTTP/1.1" 304 0
[07/Jul/2025 22:37:11] "GET /static/audio/part2/listening_conversation_question5.mp3 HTTP/1.1" 304 0
[07/Jul/2025 22:37:11] "GET /static/audio/part2/listening_conversation_question7.mp3 HTTP/1.1" 200 80876
[07/Jul/2025 22:44:18] "GET /exams/level/4/?type=listening_conversation&num_questions=all&status=all HTTP/1.1" 200 87499
[07/Jul/2025 22:44:19] "GET /static/static/audio/part2/listening_conversation_question11.mp3 HTTP/1.1" 404 2041
[07/Jul/2025 22:44:19] "GET /static/static/audio/part2/listening_conversation_question12.mp3 HTTP/1.1" 404 2041
[07/Jul/2025 22:44:19] "GET /static/static/audio/part2/listening_conversation_question13.mp3 HTTP/1.1" 404 2041
[07/Jul/2025 22:44:19] "GET /static/static/audio/part2/listening_conversation_question15.mp3 HTTP/1.1" 404 2041
[07/Jul/2025 22:44:19] "GET /static/static/audio/part2/listening_conversation_question14.mp3 HTTP/1.1" 404 2041
[07/Jul/2025 22:44:19] "GET /static/static/audio/part2/listening_conversation_question16.mp3 HTTP/1.1" 404 2041
[07/Jul/2025 22:44:19] "GET /static/static/audio/part2/listening_conversation_question17.mp3 HTTP/1.1" 404 2041
[07/Jul/2025 22:44:19] "GET /static/static/audio/part2/listening_conversation_question18.mp3 HTTP/1.1" 404 2041
[07/Jul/2025 22:44:19] "GET /static/static/audio/part2/listening_conversation_question20.mp3 HTTP/1.1" 404 2041
[07/Jul/2025 22:44:19] "GET /static/static/audio/part2/listening_conversation_question19.mp3 HTTP/1.1" 404 2041
[07/Jul/2025 22:47:58] "GET /exams/level/4/?type=listening_conversation&num_questions=all&status=all HTTP/1.1" 200 87429
[07/Jul/2025 22:47:58] "GET /static/audio/part2/listening_conversation_question13.mp3 HTTP/1.1" 200 119468
[07/Jul/2025 22:47:58] "GET /static/audio/part2/listening_conversation_question14.mp3 HTTP/1.1" 200 112460
[07/Jul/2025 22:47:58] "GET /static/audio/part2/listening_conversation_question11.mp3 HTTP/1.1" 200 104876
[07/Jul/2025 22:47:58] "GET /static/audio/part2/listening_conversation_question12.mp3 HTTP/1.1" 200 105548
[07/Jul/2025 22:47:59] "GET /static/audio/part2/listening_conversation_question15.mp3 HTTP/1.1" 200 115340
[07/Jul/2025 22:47:59] "GET /static/audio/part2/listening_conversation_question16.mp3 HTTP/1.1" 200 125612
[07/Jul/2025 22:47:59] "GET /static/audio/part2/listening_conversation_question17.mp3 HTTP/1.1" 200 102860
[07/Jul/2025 22:47:59] "GET /static/audio/part2/listening_conversation_question19.mp3 HTTP/1.1" 200 114764
[07/Jul/2025 22:47:59] "GET /static/audio/part2/listening_conversation_question20.mp3 HTTP/1.1" 200 112076
[07/Jul/2025 22:47:59] "GET /static/audio/part2/listening_conversation_question18.mp3 HTTP/1.1" 200 118220
[07/Jul/2025 22:48:07] "GET /exams/level/4/?type=listening_conversation&num_questions=3&status=all HTTP/1.1" 200 35159
Not Found: /favicon.ico
[07/Jul/2025 22:48:11] "GET /favicon.ico HTTP/1.1" 404 16388
[07/Jul/2025 23:00:51] "GET /exams/level/4/?type=listening_conversation&num_questions=all&status=all HTTP/1.1" 200 87428
Not Found: /favicon.ico
[07/Jul/2025 23:01:00] "GET /favicon.ico HTTP/1.1" 404 16387
[07/Jul/2025 23:11:33] "GET /exams/ HTTP/1.1" 200 29330
[07/Jul/2025 23:11:38] "GET /exams/level/4/?type=listening_passage HTTP/1.1" 200 41234
[07/Jul/2025 23:11:38] "GET /static/audio/part3/listening_passage_question1.mp3 HTTP/1.1" 304 0
[07/Jul/2025 23:11:38] "GET /static/audio/part3/listening_passage_question10.mp3 HTTP/1.1" 304 0
[07/Jul/2025 23:11:38] "GET /static/audio/part3/listening_passage_question8.mp3 HTTP/1.1" 304 0
[07/Jul/2025 23:11:38] "GET /static/audio/part3/listening_passage_question2.mp3 HTTP/1.1" 304 0
[07/Jul/2025 23:11:38] "GET /static/audio/part3/listening_passage_question9.mp3 HTTP/1.1" 304 0
[07/Jul/2025 23:11:46] "GET /exams/level/4/?type=listening_passage&num_questions=all&status=all HTTP/1.1" 200 56611
[07/Jul/2025 23:11:46] "GET /static/audio/part3/listening_passage_question3.mp3 HTTP/1.1" 304 0
[07/Jul/2025 23:11:46] "GET /static/audio/part3/listening_passage_question5.mp3 HTTP/1.1" 304 0
[07/Jul/2025 23:11:46] "GET /static/audio/part3/listening_passage_question7.mp3 HTTP/1.1" 304 0
[07/Jul/2025 23:11:46] "GET /static/audio/part3/listening_passage_question6.mp3 HTTP/1.1" 304 0
[07/Jul/2025 23:11:46] "GET /static/audio/part3/listening_passage_question4.mp3 HTTP/1.1" 304 0
[07/Jul/2025 23:14:06] "GET /exams/level/4/?type=listening_passage&num_questions=all&status=all HTTP/1.1" 200 87299
[07/Jul/2025 23:14:06] "GET /static/audio/part3/listening_passage_question11.mp3 HTTP/1.1" 200 57740
[07/Jul/2025 23:14:06] "GET /static/audio/part3/listening_passage_question15.mp3 HTTP/1.1" 200 66476
[07/Jul/2025 23:14:06] "GET /static/audio/part3/listening_passage_question13.mp3 HTTP/1.1" 200 51500
[07/Jul/2025 23:14:06] "GET /static/audio/part3/listening_passage_question12.mp3 HTTP/1.1" 200 54572
[07/Jul/2025 23:14:07] "GET /static/audio/part3/listening_passage_question14.mp3 HTTP/1.1" 200 58796
[07/Jul/2025 23:14:07] "GET /static/audio/part3/listening_passage_question16.mp3 HTTP/1.1" 200 59372
[07/Jul/2025 23:14:07] "GET /static/audio/part3/listening_passage_question20.mp3 HTTP/1.1" 200 58604
[07/Jul/2025 23:14:07] "GET /static/audio/part3/listening_passage_question17.mp3 HTTP/1.1" 200 69164
[07/Jul/2025 23:14:07] "GET /static/audio/part3/listening_passage_question19.mp3 HTTP/1.1" 200 52460
[07/Jul/2025 23:14:07] "GET /static/audio/part3/listening_passage_question18.mp3 HTTP/1.1" 200 65804
Not Found: /favicon.ico
[07/Jul/2025 23:14:13] "GET /favicon.ico HTTP/1.1" 404 16388
[07/Jul/2025 23:26:45] "GET /exams/level/4/?type=listening_passage&num_questions=all&status=all HTTP/1.1" 200 87297
[07/Jul/2025 23:26:46] "GET /static/audio/part3/listening_passage_question11.mp3 HTTP/1.1" 304 0
[07/Jul/2025 23:26:46] "GET /static/audio/part3/listening_passage_question12.mp3 HTTP/1.1" 304 0
[07/Jul/2025 23:26:46] "GET /static/audio/part3/listening_passage_question13.mp3 HTTP/1.1" 304 0
[07/Jul/2025 23:26:46] "GET /static/audio/part3/listening_passage_question14.mp3 HTTP/1.1" 304 0
[07/Jul/2025 23:26:46] "GET /static/audio/part3/listening_passage_question15.mp3 HTTP/1.1" 304 0
[07/Jul/2025 23:26:46] "GET /static/audio/part3/listening_passage_question16.mp3 HTTP/1.1" 304 0
[07/Jul/2025 23:26:46] "GET /static/audio/part3/listening_passage_question17.mp3 HTTP/1.1" 304 0
[07/Jul/2025 23:26:46] "GET /static/audio/part3/listening_passage_question18.mp3 HTTP/1.1" 304 0
[07/Jul/2025 23:26:46] "GET /static/audio/part3/listening_passage_question19.mp3 HTTP/1.1" 304 0
[07/Jul/2025 23:26:46] "GET /static/audio/part3/listening_passage_question20.mp3 HTTP/1.1" 304 0
[07/Jul/2025 23:26:52] "GET /exams/ HTTP/1.1" 200 29331
[07/Jul/2025 23:26:57] "GET /exams/level/4/?type=listening_conversation HTTP/1.1" 200 41294
[07/Jul/2025 23:26:57] "GET /static/static/audio/part2/listening_conversation_question18.mp3 HTTP/1.1" 404 2041
[07/Jul/2025 23:26:57] "GET /static/static/audio/part2/listening_conversation_question17.mp3 HTTP/1.1" 404 2041
[07/Jul/2025 23:28:03] "GET /exams/level/4/?type=listening_conversation HTTP/1.1" 200 41161
[07/Jul/2025 23:28:09] "GET /exams/level/4/?type=listening_conversation&num_questions=all&status=all HTTP/1.1" 200 87479
Not Found: /favicon.ico
[07/Jul/2025 23:28:15] "GET /favicon.ico HTTP/1.1" 404 16387
[07/Jul/2025 23:35:35] "GET /exams/level/4/?type=listening_conversation&num_questions=all&status=all HTTP/1.1" 200 87480
[07/Jul/2025 23:35:43] "GET /exams/ HTTP/1.1" 200 29331
Performing system checks...

System check identified no issues (0 silenced).
July 06, 2025 - 23:13:53
Django version 4.2.20, using settings 'eiken_project.settings'
Starting development server at http://0.0.0.0:8000/
Quit the server with CONTROL-C.

Debug - question_list called with level=4, exam_id=None, question_type=listening_illustration
Debug - request.GET: <QueryDict: {'type': ['listening_illustration']}>
Debug - request.path: /exams/level/4/
Debug - Level: 4, Question Type: listening_illustration
Debug - Listening Illustration Questions: 20
Debug - question_list called with level=4, exam_id=None, question_type=listening_illustration
Debug - request.GET: <QueryDict: {'type': ['listening_illustration'], 'num_questions': ['all'], 'status': ['all']}>
Debug - request.path: /exams/level/4/
Debug - Level: 4, Question Type: listening_illustration
Debug - Listening Illustration Questions: 20
Debug - question_list called with level=4, exam_id=None, question_type=listening_illustration
Debug - request.GET: <QueryDict: {'type': ['listening_illustration'], 'num_questions': ['all'], 'status': ['all']}>
Debug - request.path: /exams/level/4/
Debug - Level: 4, Question Type: listening_illustration
Debug - Listening Illustration Questions: 20
Debug - question_list called with level=4, exam_id=None, question_type=listening_conversation
Debug - request.GET: <QueryDict: {'type': ['listening_conversation']}>
Debug - request.path: /exams/level/4/
Debug - Level: 4, Question Type: listening_conversation
Debug - Regular Questions: 10
Debug - user_answer_dict keys: []
Debug - questions after filter: [146, 147, 148, 149, 150, 151, 152, 153, 154, 155]
Debug - status: all
Debug - question_list called with level=4, exam_id=None, question_type=listening_conversation
Debug - request.GET: <QueryDict: {'type': ['listening_conversation'], 'num_questions': ['all'], 'status': ['all']}>
Debug - request.path: /exams/level/4/
Debug - Level: 4, Question Type: listening_conversation
Debug - Regular Questions: 10
Debug - user_answer_dict keys: []
Debug - questions after filter: [146, 147, 148, 149, 150, 151, 152, 153, 154, 155]
Debug - status: all
Debug - question_list called with level=4, exam_id=None, question_type=listening_conversation
Debug - request.GET: <QueryDict: {'type': ['listening_conversation'], 'num_questions': ['all'], 'status': ['all']}>
Debug - request.path: /exams/level/4/
Debug - Level: 4, Question Type: listening_conversation
Debug - Regular Questions: 20
Debug - user_answer_dict keys: []
Debug - questions after filter: [146, 147, 148, 149, 150, 151, 152, 153, 154, 155, 564, 565, 566, 567, 568, 569, 570, 571, 572, 573]
Debug - status: all
Debug - question_list called with level=4, exam_id=None, question_type=listening_conversation
Debug - request.GET: <QueryDict: {'type': ['listening_conversation'], 'num_questions': ['all'], 'status': ['all']}>
Debug - request.path: /exams/level/4/
Debug - Level: 4, Question Type: listening_conversation
Debug - Regular Questions: 20
Debug - user_answer_dict keys: []
Debug - questions after filter: [146, 147, 148, 149, 150, 151, 152, 153, 154, 155, 564, 565, 566, 567, 568, 569, 570, 571, 572, 573]
Debug - status: all
Debug - question_list called with level=4, exam_id=None, question_type=listening_conversation
Debug - request.GET: <QueryDict: {'type': ['listening_conversation'], 'num_questions': ['3'], 'status': ['all']}>
Debug - request.path: /exams/level/4/
Debug - Level: 4, Question Type: listening_conversation
Debug - Regular Questions: 20
Debug - user_answer_dict keys: []
Debug - questions after filter: [146, 147, 148, 149, 150, 151, 152, 153, 154, 155, 564, 565, 566, 567, 568, 569, 570, 571, 572, 573]
Debug - status: all
Debug - question_list called with level=4, exam_id=None, question_type=listening_conversation
Debug - request.GET: <QueryDict: {'type': ['listening_conversation'], 'num_questions': ['all'], 'status': ['all']}>
Debug - request.path: /exams/level/4/
Debug - Level: 4, Question Type: listening_conversation
Debug - Regular Questions: 20
Debug - user_answer_dict keys: []
Debug - questions after filter: [146, 147, 148, 149, 150, 151, 152, 153, 154, 155, 564, 565, 566, 567, 568, 569, 570, 571, 572, 573]
Debug - status: all
Debug - question_list called with level=4, exam_id=None, question_type=listening_passage
Debug - request.GET: <QueryDict: {'type': ['listening_passage']}>
Debug - request.path: /exams/level/4/
Debug - Level: 4, Question Type: listening_passage
Debug - Regular Questions: 10
Debug - user_answer_dict keys: []
Debug - questions after filter: [156, 157, 158, 159, 160, 161, 162, 163, 164, 165]
Debug - status: all
Debug - question_list called with level=4, exam_id=None, question_type=listening_passage
Debug - request.GET: <QueryDict: {'type': ['listening_passage'], 'num_questions': ['all'], 'status': ['all']}>
Debug - request.path: /exams/level/4/
Debug - Level: 4, Question Type: listening_passage
Debug - Regular Questions: 10
Debug - user_answer_dict keys: []
Debug - questions after filter: [156, 157, 158, 159, 160, 161, 162, 163, 164, 165]
Debug - status: all
Debug - question_list called with level=4, exam_id=None, question_type=listening_passage
Debug - request.GET: <QueryDict: {'type': ['listening_passage'], 'num_questions': ['all'], 'status': ['all']}>
Debug - request.path: /exams/level/4/
Debug - Level: 4, Question Type: listening_passage
Debug - Regular Questions: 20
Debug - user_answer_dict keys: []
Debug - questions after filter: [156, 157, 158, 159, 160, 161, 162, 163, 164, 165, 574, 575, 576, 577, 578, 579, 580, 581, 582, 583]
Debug - status: all
Debug - question_list called with level=4, exam_id=None, question_type=listening_passage
Debug - request.GET: <QueryDict: {'type': ['listening_passage'], 'num_questions': ['all'], 'status': ['all']}>
Debug - request.path: /exams/level/4/
Debug - Level: 4, Question Type: listening_passage
Debug - Regular Questions: 20
Debug - user_answer_dict keys: []
Debug - questions after filter: [156, 157, 158, 159, 160, 161, 162, 163, 164, 165, 574, 575, 576, 577, 578, 579, 580, 581, 582, 583]
Debug - status: all
Debug - question_list called with level=4, exam_id=None, question_type=listening_conversation
Debug - request.GET: <QueryDict: {'type': ['listening_conversation']}>
Debug - request.path: /exams/level/4/
Debug - Level: 4, Question Type: listening_conversation
Debug - Regular Questions: 20
Debug - user_answer_dict keys: []
Debug - questions after filter: [146, 147, 148, 149, 150, 151, 152, 153, 154, 155, 584, 585, 586, 587, 588, 589, 590, 591, 592, 593]
Debug - status: all
Debug - question_list called with level=4, exam_id=None, question_type=listening_conversation
Debug - request.GET: <QueryDict: {'type': ['listening_conversation']}>
Debug - request.path: /exams/level/4/
Debug - Level: 4, Question Type: listening_conversation
Debug - Regular Questions: 20
Debug - user_answer_dict keys: []
Debug - questions after filter: [146, 147, 148, 149, 150, 151, 152, 153, 154, 155, 584, 585, 586, 587, 588, 589, 590, 591, 592, 593]
Debug - status: all
Debug - question_list called with level=4, exam_id=None, question_type=listening_conversation
Debug - request.GET: <QueryDict: {'type': ['listening_conversation'], 'num_questions': ['all'], 'status': ['all']}>
Debug - request.path: /exams/level/4/
Debug - Level: 4, Question Type: listening_conversation
Debug - Regular Questions: 20
Debug - user_answer_dict keys: []
Debug - questions after filter: [146, 147, 148, 149, 150, 151, 152, 153, 154, 155, 584, 585, 586, 587, 588, 589, 590, 591, 592, 593]
Debug - status: all
Debug - question_list called with level=4, exam_id=None, question_type=listening_conversation
Debug - request.GET: <QueryDict: {'type': ['listening_conversation'], 'num_questions': ['all'], 'status': ['all']}>
Debug - request.path: /exams/level/4/
Debug - Level: 4, Question Type: listening_conversation
Debug - Regular Questions: 20
Debug - user_answer_dict keys: []
Debug - questions after filter: [146, 147, 148, 149, 150, 151, 152, 153, 154, 155, 584, 585, 586, 587, 588, 589, 590, 591, 592, 593]
Debug - status: all
[07/Jul/2025 23:35:47] "GET /exams/level/4/?type=listening_conversation HTTP/1.1" 200 41256
[07/Jul/2025 23:35:53] "GET /exams/level/4/?type=listening_conversation&num_questions=all&status=all HTTP/1.1" 200 87479
Not Found: /favicon.ico
[07/Jul/2025 23:36:15] "GET /favicon.ico HTTP/1.1" 404 16388
[08/Jul/2025 22:28:20] "GET /exams/ HTTP/1.1" 200 29331
[08/Jul/2025 22:28:23] "GET /exams/level/4/?type=listening_conversation HTTP/1.1" 200 41232
[08/Jul/2025 22:28:33] "GET /exams/level/4/?type=listening_conversation&num_questions=all&status=all HTTP/1.1" 200 87481
[08/Jul/2025 22:28:33] "GET /static/audio/part2/listening_conversation_question14.mp3 HTTP/1.1" 200 77132
[08/Jul/2025 22:28:33] "GET /static/audio/part2/listening_conversation_question12.mp3 HTTP/1.1" 200 69356
[08/Jul/2025 22:28:33] "GET /static/audio/part2/listening_conversation_question13.mp3 HTTP/1.1" 200 82220
[08/Jul/2025 22:28:33] "GET /static/audio/part2/listening_conversation_question15.mp3 HTTP/1.1" 200 75116
[08/Jul/2025 22:28:33] "GET /static/audio/part2/listening_conversation_question16.mp3 HTTP/1.1" 200 82892
[08/Jul/2025 22:28:33] "GET /static/audio/part2/listening_conversation_question17.mp3 HTTP/1.1" 200 69164
[08/Jul/2025 22:28:33] "GET /static/audio/part2/listening_conversation_question20.mp3 HTTP/1.1" 200 71660
[08/Jul/2025 22:28:33] "GET /static/audio/part2/listening_conversation_question19.mp3 HTTP/1.1" 200 80780
[08/Jul/2025 22:28:33] "GET /static/audio/part2/listening_conversation_question18.mp3 HTTP/1.1" 200 78956
[08/Jul/2025 22:28:33] "GET /static/audio/part2/listening_conversation_question11.mp3 HTTP/1.1" 200 67820
[08/Jul/2025 22:28:41] "GET /static/audio/part2/listening_conversation_question15.mp3 HTTP/1.1" 200 75116
Not Found: /favicon.ico
[08/Jul/2025 22:28:41] "GET /favicon.ico HTTP/1.1" 404 16388
[08/Jul/2025 22:29:03] "GET /exams/ HTTP/1.1" 200 29330
[08/Jul/2025 22:29:07] "GET /exams/level/4/?type=listening_passage HTTP/1.1" 200 41258
[08/Jul/2025 22:29:07] "GET /static/audio/part3/listening_passage_question18.mp3 HTTP/1.1" 304 0
[08/Jul/2025 22:29:07] "GET /static/audio/part3/listening_passage_question20.mp3 HTTP/1.1" 304 0
[08/Jul/2025 22:29:07] "GET /static/audio/part3/listening_passage_question19.mp3 HTTP/1.1" 304 0
[08/Jul/2025 22:29:07] "GET /static/audio/part3/listening_passage_question16.mp3 HTTP/1.1" 304 0
[08/Jul/2025 22:29:13] "GET /exams/level/4/?type=listening_passage&num_questions=all&status=all HTTP/1.1" 200 87298
[08/Jul/2025 22:29:13] "GET /static/audio/part3/listening_passage_question11.mp3 HTTP/1.1" 304 0
[08/Jul/2025 22:29:13] "GET /static/audio/part3/listening_passage_question14.mp3 HTTP/1.1" 304 0
[08/Jul/2025 22:29:13] "GET /static/audio/part3/listening_passage_question12.mp3 HTTP/1.1" 304 0
[08/Jul/2025 22:29:13] "GET /static/audio/part3/listening_passage_question13.mp3 HTTP/1.1" 304 0
[08/Jul/2025 22:29:13] "GET /static/audio/part3/listening_passage_question17.mp3 HTTP/1.1" 304 0
[08/Jul/2025 22:29:13] "GET /static/audio/part3/listening_passage_question15.mp3 HTTP/1.1" 304 0
Not Found: /favicon.ico
[08/Jul/2025 22:29:17] "GET /favicon.ico HTTP/1.1" 404 16387
[09/Jul/2025 23:01:01] "GET /exams/level/4/?type=listening_passage&num_questions=all&status=all HTTP/1.1" 200 87297
[09/Jul/2025 23:01:01] "GET /static/debug_toolbar/css/toolbar.css HTTP/1.1" 304 0
[09/Jul/2025 23:01:01] "GET /static/debug_toolbar/js/toolbar.js HTTP/1.1" 304 0
[09/Jul/2025 23:01:02] "GET /static/audio/part3/listening_passage_question12.mp3 HTTP/1.1" 304 0
[09/Jul/2025 23:01:02] "GET /static/audio/part3/listening_passage_question14.mp3 HTTP/1.1" 304 0
[09/Jul/2025 23:01:02] "GET /static/audio/part3/listening_passage_question11.mp3 HTTP/1.1" 304 0
[09/Jul/2025 23:01:02] "GET /static/audio/part3/listening_passage_question13.mp3 HTTP/1.1" 304 0
[09/Jul/2025 23:01:02] "GET /static/audio/part3/listening_passage_question15.mp3 HTTP/1.1" 304 0
[09/Jul/2025 23:01:02] "GET /static/audio/part3/listening_passage_question16.mp3 HTTP/1.1" 304 0
[09/Jul/2025 23:01:02] "GET /static/audio/part3/listening_passage_question17.mp3 HTTP/1.1" 304 0
[09/Jul/2025 23:01:02] "GET /static/audio/part3/listening_passage_question19.mp3 HTTP/1.1" 304 0
[09/Jul/2025 23:01:02] "GET /static/audio/part3/listening_passage_question18.mp3 HTTP/1.1" 304 0
[09/Jul/2025 23:01:02] "GET /static/debug_toolbar/css/print.css HTTP/1.1" 304 0
[09/Jul/2025 23:01:02] "GET /static/audio/part3/listening_passage_question20.mp3 HTTP/1.1" 304 0
[09/Jul/2025 23:01:02] "GET /static/debug_toolbar/js/utils.js HTTP/1.1" 304 0
[09/Jul/2025 23:01:04] "GET /exams/ HTTP/1.1" 200 29330
[09/Jul/2025 23:01:07] "GET /exams/level/4/?type=reading_comprehension HTTP/1.1" 200 44069
[09/Jul/2025 23:01:14] "GET /exams/level/4/?type=reading_comprehension&num_questions=all HTTP/1.1" 200 71771
[09/Jul/2025 23:04:53] "GET /exams/level/4/?type=reading_comprehension&num_questions=all HTTP/1.1" 200 95226
[10/Jul/2025 00:04:09] "GET /exams/ HTTP/1.1" 200 29331
[10/Jul/2025 00:04:14] "GET /exams/level/4/?type=listening_illustration HTTP/1.1" 200 40484
[10/Jul/2025 00:04:14] "GET /static/images/part1/listening_illustration_image15.png HTTP/1.1" 304 0
[10/Jul/2025 00:04:14] "GET /static/images/part1/listening_illustration_image16.png HTTP/1.1" 304 0
[10/Jul/2025 00:04:14] "GET /static/images/part1/listening_illustration_image29.png HTTP/1.1" 200 371950
[10/Jul/2025 00:04:14] "GET /static/audio/part1/listening_illustration_question3.mp3 HTTP/1.1" 304 0
[10/Jul/2025 00:04:14] "GET /static/audio/part1/listening_illustration_question16.mp3 HTTP/1.1" 304 0
[10/Jul/2025 00:04:14] "GET /static/audio/part1/listening_illustration_question15.mp3 HTTP/1.1" 304 0
[10/Jul/2025 00:04:14] "GET /static/audio/part1/listening_illustration_question9.mp3 HTTP/1.1" 304 0
[10/Jul/2025 00:04:14] "GET /static/audio/part1/listening_illustration_question29.mp3 HTTP/1.1" 200 77324
[10/Jul/2025 00:04:21] "GET /exams/level/4/?type=listening_illustration&num_questions=all&status=all HTTP/1.1" 200 113228
[10/Jul/2025 00:04:21] "GET /static/images/part1/listening_illustration_image11.png HTTP/1.1" 304 0
[10/Jul/2025 00:04:21] "GET /static/images/part1/listening_illustration_image14.png HTTP/1.1" 304 0
[10/Jul/2025 00:04:21] "GET /static/images/part1/listening_illustration_image13.png HTTP/1.1" 304 0
[10/Jul/2025 00:04:21] "GET /static/images/part1/listening_illustration_image18.png HTTP/1.1" 304 0
[10/Jul/2025 00:04:21] "GET /static/images/part1/listening_illustration_image12.png HTTP/1.1" 304 0
[10/Jul/2025 00:04:21] "GET /static/images/part1/listening_illustration_image17.png HTTP/1.1" 304 0
[10/Jul/2025 00:04:21] "GET /static/images/part1/listening_illustration_image19.png HTTP/1.1" 304 0
[10/Jul/2025 00:04:21] "GET /static/images/part1/listening_illustration_image23.png HTTP/1.1" 200 114197
[10/Jul/2025 00:04:21] "GET /static/images/part1/listening_illustration_image22.png HTTP/1.1" 200 257828
[10/Jul/2025 00:04:21] "GET /static/images/part1/listening_illustration_image20.png HTTP/1.1" 200 190233
[10/Jul/2025 00:04:21] "GET /static/images/part1/listening_illustration_image24.png HTTP/1.1" 200 390338
[10/Jul/2025 00:04:21] "GET /static/images/part1/listening_illustration_image21.png HTTP/1.1" 200 225639
[10/Jul/2025 00:04:21] "GET /static/images/part1/listening_illustration_image25.png HTTP/1.1" 200 438244
[10/Jul/2025 00:04:21] "GET /static/audio/part1/listening_illustration_question2.mp3 HTTP/1.1" 304 0
[10/Jul/2025 00:04:21] "GET /static/audio/part1/listening_illustration_question1.mp3 HTTP/1.1" 304 0
[10/Jul/2025 00:04:21] "GET /static/images/part1/listening_illustration_image28.png HTTP/1.1" 200 377969
[10/Jul/2025 00:04:21] "GET /static/images/part1/listening_illustration_image30.png HTTP/1.1" 200 299976
[10/Jul/2025 00:04:21] "GET /static/audio/part1/listening_illustration_question6.mp3 HTTP/1.1" 304 0
[10/Jul/2025 00:04:21] "GET /static/audio/part1/listening_illustration_question5.mp3 HTTP/1.1" 304 0
[10/Jul/2025 00:04:21] "GET /static/audio/part1/listening_illustration_question4.mp3 HTTP/1.1" 304 0
[10/Jul/2025 00:04:21] "GET /static/images/part1/listening_illustration_image27.png HTTP/1.1" 200 283338
[10/Jul/2025 00:04:21] "GET /static/images/part1/listening_illustration_image26.png HTTP/1.1" 200 267736
[10/Jul/2025 00:04:21] "GET /static/audio/part1/listening_illustration_question7.mp3 HTTP/1.1" 304 0
[10/Jul/2025 00:04:21] "GET /static/audio/part1/listening_illustration_question8.mp3 HTTP/1.1" 304 0
[10/Jul/2025 00:04:21] "GET /static/audio/part1/listening_illustration_question10.mp3 HTTP/1.1" 304 0
[10/Jul/2025 00:04:21] "GET /static/audio/part1/listening_illustration_question11.mp3 HTTP/1.1" 304 0
[10/Jul/2025 00:04:21] "GET /static/audio/part1/listening_illustration_question12.mp3 HTTP/1.1" 304 0
[10/Jul/2025 00:04:21] "GET /static/audio/part1/listening_illustration_question13.mp3 HTTP/1.1" 304 0
[10/Jul/2025 00:04:21] "GET /static/audio/part1/listening_illustration_question14.mp3 HTTP/1.1" 304 0
[10/Jul/2025 00:04:21] "GET /static/audio/part1/listening_illustration_question20.mp3 HTTP/1.1" 304 0
[10/Jul/2025 00:04:21] "GET /static/audio/part1/listening_illustration_question19.mp3 HTTP/1.1" 304 0
[10/Jul/2025 00:04:21] "GET /static/audio/part1/listening_illustration_question18.mp3 HTTP/1.1" 304 0
[10/Jul/2025 00:04:21] "GET /static/audio/part1/listening_illustration_question17.mp3 HTTP/1.1" 304 0
[10/Jul/2025 00:04:21] "GET /static/audio/part1/listening_illustration_question21.mp3 HTTP/1.1" 200 77324
[10/Jul/2025 00:04:21] "GET /static/audio/part1/listening_illustration_question22.mp3 HTTP/1.1" 200 76940
[10/Jul/2025 00:04:22] "GET /static/audio/part1/listening_illustration_question26.mp3 HTTP/1.1" 200 79244
[10/Jul/2025 00:04:22] "GET /static/audio/part1/listening_illustration_question24.mp3 HTTP/1.1" 200 79340
[10/Jul/2025 00:04:22] "GET /static/audio/part1/listening_illustration_question25.mp3 HTTP/1.1" 200 77132
[10/Jul/2025 00:04:22] "GET /static/audio/part1/listening_illustration_question27.mp3 HTTP/1.1" 200 91820
[10/Jul/2025 00:04:22] "GET /static/audio/part1/listening_illustration_question28.mp3 HTTP/1.1" 200 99020
[10/Jul/2025 00:04:22] "GET /static/audio/part1/listening_illustration_question23.mp3 HTTP/1.1" 200 75308
[10/Jul/2025 00:04:22] "GET /static/audio/part1/listening_illustration_question30.mp3 HTTP/1.1" 200 80492
Not Found: /favicon.ico
[10/Jul/2025 00:04:30] "GET /favicon.ico HTTP/1.1" 404 16388
[12/Jul/2025 07:21:17] "GET /exams/level/4/?type=listening_illustration&num_questions=all&status=all HTTP/1.1" 200 113227
[12/Jul/2025 07:21:17] "GET /static/images/part1/listening_illustration_image11.png HTTP/1.1" 304 0
[12/Jul/2025 07:21:17] "GET /static/images/part1/listening_illustration_image13.png HTTP/1.1" 304 0
[12/Jul/2025 07:21:17] "GET /static/images/part1/listening_illustration_image14.png HTTP/1.1" 304 0
[12/Jul/2025 07:21:17] "GET /static/images/part1/listening_illustration_image15.png HTTP/1.1" 304 0
[12/Jul/2025 07:21:17] "GET /static/images/part1/listening_illustration_image16.png HTTP/1.1" 304 0
[12/Jul/2025 07:21:17] "GET /static/images/part1/listening_illustration_image17.png HTTP/1.1" 304 0
[12/Jul/2025 07:21:17] "GET /static/images/part1/listening_illustration_image12.png HTTP/1.1" 304 0
[12/Jul/2025 07:21:18] "GET /static/images/part1/listening_illustration_image18.png HTTP/1.1" 304 0
[12/Jul/2025 07:21:18] "GET /static/images/part1/listening_illustration_image19.png HTTP/1.1" 304 0
[12/Jul/2025 07:21:18] "GET /static/images/part1/listening_illustration_image22.png HTTP/1.1" 304 0
[12/Jul/2025 07:21:18] "GET /static/images/part1/listening_illustration_image23.png HTTP/1.1" 304 0
[12/Jul/2025 07:21:18] "GET /static/images/part1/listening_illustration_image21.png HTTP/1.1" 304 0
[12/Jul/2025 07:21:18] "GET /static/images/part1/listening_illustration_image20.png HTTP/1.1" 304 0
[12/Jul/2025 07:21:18] "GET /static/images/part1/listening_illustration_image24.png HTTP/1.1" 304 0
[12/Jul/2025 07:21:18] "GET /static/images/part1/listening_illustration_image25.png HTTP/1.1" 304 0
[12/Jul/2025 07:21:18] "GET /static/images/part1/listening_illustration_image27.png HTTP/1.1" 304 0
[12/Jul/2025 07:21:18] "GET /static/images/part1/listening_illustration_image26.png HTTP/1.1" 304 0
[12/Jul/2025 07:21:18] "GET /static/audio/part1/listening_illustration_question1.mp3 HTTP/1.1" 304 0
[12/Jul/2025 07:21:18] "GET /static/images/part1/listening_illustration_image28.png HTTP/1.1" 304 0
[12/Jul/2025 07:21:18] "GET /static/images/part1/listening_illustration_image29.png HTTP/1.1" 304 0
[12/Jul/2025 07:21:18] "GET /static/images/part1/listening_illustration_image30.png HTTP/1.1" 304 0
[12/Jul/2025 07:21:18] "GET /static/audio/part1/listening_illustration_question2.mp3 HTTP/1.1" 304 0
[12/Jul/2025 07:21:18] "GET /static/audio/part1/listening_illustration_question3.mp3 HTTP/1.1" 304 0
[12/Jul/2025 07:21:18] "GET /static/audio/part1/listening_illustration_question4.mp3 HTTP/1.1" 304 0
[12/Jul/2025 07:21:18] "GET /static/audio/part1/listening_illustration_question6.mp3 HTTP/1.1" 304 0
[12/Jul/2025 07:21:18] "GET /static/audio/part1/listening_illustration_question7.mp3 HTTP/1.1" 304 0
[12/Jul/2025 07:21:18] "GET /static/audio/part1/listening_illustration_question8.mp3 HTTP/1.1" 304 0
[12/Jul/2025 07:21:18] "GET /static/audio/part1/listening_illustration_question5.mp3 HTTP/1.1" 304 0
[12/Jul/2025 07:21:18] "GET /static/audio/part1/listening_illustration_question10.mp3 HTTP/1.1" 304 0
[12/Jul/2025 07:21:18] "GET /static/audio/part1/listening_illustration_question9.mp3 HTTP/1.1" 304 0
[12/Jul/2025 07:21:18] "GET /static/audio/part1/listening_illustration_question11.mp3 HTTP/1.1" 304 0
[12/Jul/2025 07:21:18] "GET /static/audio/part1/listening_illustration_question12.mp3 HTTP/1.1" 304 0
[12/Jul/2025 07:21:18] "GET /static/audio/part1/listening_illustration_question15.mp3 HTTP/1.1" 304 0
[12/Jul/2025 07:21:18] "GET /static/audio/part1/listening_illustration_question16.mp3 HTTP/1.1" 304 0
[12/Jul/2025 07:21:18] "GET /static/audio/part1/listening_illustration_question17.mp3 HTTP/1.1" 304 0
[12/Jul/2025 07:21:18] "GET /static/audio/part1/listening_illustration_question18.mp3 HTTP/1.1" 304 0
[12/Jul/2025 07:21:18] "GET /static/audio/part1/listening_illustration_question14.mp3 HTTP/1.1" 304 0
[12/Jul/2025 07:21:18] "GET /static/audio/part1/listening_illustration_question13.mp3 HTTP/1.1" 304 0
[12/Jul/2025 07:21:18] "GET /static/audio/part1/listening_illustration_question20.mp3 HTTP/1.1" 304 0
[12/Jul/2025 07:21:18] "GET /static/audio/part1/listening_illustration_question22.mp3 HTTP/1.1" 304 0
[12/Jul/2025 07:21:18] "GET /static/audio/part1/listening_illustration_question21.mp3 HTTP/1.1" 304 0
[12/Jul/2025 07:21:18] "GET /static/audio/part1/listening_illustration_question24.mp3 HTTP/1.1" 304 0
[12/Jul/2025 07:21:18] "GET /static/audio/part1/listening_illustration_question23.mp3 HTTP/1.1" 304 0
[12/Jul/2025 07:21:18] "GET /static/audio/part1/listening_illustration_question19.mp3 HTTP/1.1" 304 0
[12/Jul/2025 07:21:18] "GET /static/audio/part1/listening_illustration_question25.mp3 HTTP/1.1" 304 0
[12/Jul/2025 07:21:18] "GET /static/audio/part1/listening_illustration_question28.mp3 HTTP/1.1" 304 0
[12/Jul/2025 07:21:18] "GET /static/audio/part1/listening_illustration_question27.mp3 HTTP/1.1" 304 0
[12/Jul/2025 07:21:18] "GET /static/audio/part1/listening_illustration_question29.mp3 HTTP/1.1" 304 0
[12/Jul/2025 07:21:18] "GET /static/audio/part1/listening_illustration_question30.mp3 HTTP/1.1" 304 0
[12/Jul/2025 07:21:21] "GET /exams/ HTTP/1.1" 200 29331
[12/Jul/2025 07:24:10] "GET /exams/ HTTP/1.1" 200 29331
[12/Jul/2025 07:24:19] "GET /exams/level/4/?type=listening_conversation HTTP/1.1" 200 41184
[12/Jul/2025 07:24:20] "GET /static/audio/part2/listening_conversation_question6.mp3 HTTP/1.1" 304 0
[12/Jul/2025 07:24:20] "GET /static/audio/part2/listening_conversation_question11.mp3 HTTP/1.1" 200 67820
[12/Jul/2025 07:24:20] "GET /static/static/audio/part2/listening_conversation_question24.mp3 HTTP/1.1" 404 2041
[12/Jul/2025 07:24:20] "GET /static/static/audio/part2/listening_conversation_question27.mp3 HTTP/1.1" 404 2041
[12/Jul/2025 07:24:20] "GET /static/audio/part2/listening_conversation_question2.mp3 HTTP/1.1" 304 0
[12/Jul/2025 07:24:29] "GET /exams/level/4/?type=listening_conversation&num_questions=all&status=all HTTP/1.1" 200 118213
[12/Jul/2025 07:24:29] "GET /static/audio/part2/listening_conversation_question1.mp3 HTTP/1.1" 304 0
[12/Jul/2025 07:24:29] "GET /static/audio/part2/listening_conversation_question3.mp3 HTTP/1.1" 304 0
[12/Jul/2025 07:24:29] "GET /static/audio/part2/listening_conversation_question5.mp3 HTTP/1.1" 304 0
[12/Jul/2025 07:24:29] "GET /static/audio/part2/listening_conversation_question4.mp3 HTTP/1.1" 304 0
[12/Jul/2025 07:24:29] "GET /static/audio/part2/listening_conversation_question7.mp3 HTTP/1.1" 304 0
[12/Jul/2025 07:24:29] "GET /static/audio/part2/listening_conversation_question9.mp3 HTTP/1.1" 304 0
[12/Jul/2025 07:24:29] "GET /static/audio/part2/listening_conversation_question8.mp3 HTTP/1.1" 304 0
[12/Jul/2025 07:24:29] "GET /static/audio/part2/listening_conversation_question12.mp3 HTTP/1.1" 200 69356
[12/Jul/2025 07:24:29] "GET /static/audio/part2/listening_conversation_question13.mp3 HTTP/1.1" 200 82220
[12/Jul/2025 07:24:29] "GET /static/audio/part2/listening_conversation_question10.mp3 HTTP/1.1" 304 0
[12/Jul/2025 07:24:29] "GET /static/audio/part2/listening_conversation_question16.mp3 HTTP/1.1" 200 82892
[12/Jul/2025 07:24:29] "GET /static/audio/part2/listening_conversation_question14.mp3 HTTP/1.1" 200 77132
[12/Jul/2025 07:24:29] "GET /static/audio/part2/listening_conversation_question15.mp3 HTTP/1.1" 304 0
[12/Jul/2025 07:24:29] "GET /static/audio/part2/listening_conversation_question17.mp3 HTTP/1.1" 200 69164
[12/Jul/2025 07:24:29] "GET /static/static/audio/part2/listening_conversation_question21.mp3 HTTP/1.1" 404 2041
[12/Jul/2025 07:24:29] "GET /static/audio/part2/listening_conversation_question20.mp3 HTTP/1.1" 200 71660
[12/Jul/2025 07:24:29] "GET /static/static/audio/part2/listening_conversation_question22.mp3 HTTP/1.1" 404 2041
[12/Jul/2025 07:24:29] "GET /static/static/audio/part2/listening_conversation_question23.mp3 HTTP/1.1" 404 2041
[12/Jul/2025 07:24:29] "GET /static/audio/part2/listening_conversation_question18.mp3 HTTP/1.1" 200 78956
[12/Jul/2025 07:24:29] "GET /static/audio/part2/listening_conversation_question19.mp3 HTTP/1.1" 200 80780
[12/Jul/2025 07:24:30] "GET /static/static/audio/part2/listening_conversation_question27.mp3 HTTP/1.1" 404 2041
[12/Jul/2025 07:24:30] "GET /static/static/audio/part2/listening_conversation_question24.mp3 HTTP/1.1" 404 2041
[12/Jul/2025 07:24:30] "GET /static/static/audio/part2/listening_conversation_question30.mp3 HTTP/1.1" 404 2041
[12/Jul/2025 07:24:30] "GET /static/static/audio/part2/listening_conversation_question25.mp3 HTTP/1.1" 404 2041
[12/Jul/2025 07:24:30] "GET /static/static/audio/part2/listening_conversation_question26.mp3 HTTP/1.1" 404 2041
[12/Jul/2025 07:24:30] "GET /static/static/audio/part2/listening_conversation_question29.mp3 HTTP/1.1" 404 2041
[12/Jul/2025 07:24:30] "GET /static/static/audio/part2/listening_conversation_question28.mp3 HTTP/1.1" 404 2041
[12/Jul/2025 07:27:24] "GET /exams/level/4/?type=listening_conversation&num_questions=all&status=all HTTP/1.1" 200 118213
[12/Jul/2025 07:27:24] "GET /static/static/audio/part2/listening_conversation_question23.mp3 HTTP/1.1" 404 2041
[12/Jul/2025 07:27:24] "GET /static/static/audio/part2/listening_conversation_question22.mp3 HTTP/1.1" 404 2041
[12/Jul/2025 07:27:24] "GET /static/static/audio/part2/listening_conversation_question21.mp3 HTTP/1.1" 404 2041
[12/Jul/2025 07:27:24] "GET /static/static/audio/part2/listening_conversation_question24.mp3 HTTP/1.1" 404 2041
[12/Jul/2025 07:27:24] "GET /static/static/audio/part2/listening_conversation_question27.mp3 HTTP/1.1" 404 2041
[12/Jul/2025 07:27:24] "GET /static/static/audio/part2/listening_conversation_question28.mp3 HTTP/1.1" 404 2041
[12/Jul/2025 07:27:24] "GET /static/static/audio/part2/listening_conversation_question25.mp3 HTTP/1.1" 404 2041
[12/Jul/2025 07:27:24] "GET /static/static/audio/part2/listening_conversation_question29.mp3 HTTP/1.1" 404 2041
[12/Jul/2025 07:27:25] "GET /static/static/audio/part2/listening_conversation_question26.mp3 HTTP/1.1" 404 2041
[12/Jul/2025 07:27:25] "GET /static/static/audio/part2/listening_conversation_question30.mp3 HTTP/1.1" 404 2041
Not Found: /favicon.ico
[12/Jul/2025 07:27:29] "GET /favicon.ico HTTP/1.1" 404 16388
[12/Jul/2025 07:27:37] "HEAD /static/audio/part2/listening_conversation_question21.mp3 HTTP/1.1" 200 0
[12/Jul/2025 07:28:10] "GET /exams/level/4/?type=listening_conversation&num_questions=all&status=all HTTP/1.1" 200 118213
[12/Jul/2025 07:28:10] "GET /static/static/audio/part2/listening_conversation_question21.mp3 HTTP/1.1" 404 2041
[12/Jul/2025 07:28:11] "GET /static/static/audio/part2/listening_conversation_question22.mp3 HTTP/1.1" 404 2041
[12/Jul/2025 07:28:11] "GET /static/static/audio/part2/listening_conversation_question25.mp3 HTTP/1.1" 404 2041
[12/Jul/2025 07:28:11] "GET /static/static/audio/part2/listening_conversation_question24.mp3 HTTP/1.1" 404 2041
[12/Jul/2025 07:28:11] "GET /static/static/audio/part2/listening_conversation_question26.mp3 HTTP/1.1" 404 2041
[12/Jul/2025 07:28:11] "GET /static/static/audio/part2/listening_conversation_question23.mp3 HTTP/1.1" 404 2041
[12/Jul/2025 07:28:11] "GET /static/static/audio/part2/listening_conversation_question28.mp3 HTTP/1.1" 404 2041
[12/Jul/2025 07:28:11] "GET /static/static/audio/part2/listening_conversation_question27.mp3 HTTP/1.1" 404 2041
[12/Jul/2025 07:28:11] "GET /static/static/audio/part2/listening_conversation_question29.mp3 HTTP/1.1" 404 2041
[12/Jul/2025 07:28:11] "GET /static/static/audio/part2/listening_conversation_question30.mp3 HTTP/1.1" 404 2041
[12/Jul/2025 07:30:54] "GET /exams/level/4/?type=listening_conversation&num_questions=all&status=all HTTP/1.1" 200 118144
[12/Jul/2025 07:30:54] "GET /static/audio/part2/listening_conversation_question21.mp3 HTTP/1.1" 200 69452
[12/Jul/2025 07:30:54] "GET /static/audio/part2/listening_conversation_question22.mp3 HTTP/1.1" 200 69548
[12/Jul/2025 07:30:54] "GET /static/audio/part2/listening_conversation_question24.mp3 HTTP/1.1" 200 76268
[12/Jul/2025 07:30:54] "GET /static/audio/part2/listening_conversation_question25.mp3 HTTP/1.1" 200 86924
[12/Jul/2025 07:30:54] "GET /static/audio/part2/listening_conversation_question23.mp3 HTTP/1.1" 200 82796
[12/Jul/2025 07:30:55] "GET /static/audio/part2/listening_conversation_question26.mp3 HTTP/1.1" 200 77324
[12/Jul/2025 07:30:55] "GET /static/audio/part2/listening_conversation_question27.mp3 HTTP/1.1" 200 79820
[12/Jul/2025 07:30:55] "GET /static/audio/part2/listening_conversation_question29.mp3 HTTP/1.1" 200 79628
[12/Jul/2025 07:30:55] "GET /static/audio/part2/listening_conversation_question28.mp3 HTTP/1.1" 200 84044
[12/Jul/2025 07:30:55] "GET /static/audio/part2/listening_conversation_question30.mp3 HTTP/1.1" 200 75980
Not Found: /favicon.ico
[12/Jul/2025 07:31:02] "GET /favicon.ico HTTP/1.1" 404 16387
[12/Jul/2025 07:31:23] "GET /exams/ HTTP/1.1" 200 29331
[12/Jul/2025 08:10:04] "GET /exams/ HTTP/1.1" 200 29331
Debug - question_list called with level=4, exam_id=None, question_type=listening_conversation
Debug - request.GET: <QueryDict: {'type': ['listening_conversation']}>
Debug - request.path: /exams/level/4/
Debug - Level: 4, Question Type: listening_conversation
Debug - Regular Questions: 20
Debug - user_answer_dict keys: []
Debug - questions after filter: [146, 147, 148, 149, 150, 151, 152, 153, 154, 155, 584, 585, 586, 587, 588, 589, 590, 591, 592, 593]
Debug - status: all
Debug - question_list called with level=4, exam_id=None, question_type=listening_conversation
Debug - request.GET: <QueryDict: {'type': ['listening_conversation'], 'num_questions': ['all'], 'status': ['all']}>
Debug - request.path: /exams/level/4/
Debug - Level: 4, Question Type: listening_conversation
Debug - Regular Questions: 20
Debug - user_answer_dict keys: []
Debug - questions after filter: [146, 147, 148, 149, 150, 151, 152, 153, 154, 155, 584, 585, 586, 587, 588, 589, 590, 591, 592, 593]
Debug - status: all
Debug - question_list called with level=4, exam_id=None, question_type=listening_conversation
Debug - request.GET: <QueryDict: {'type': ['listening_conversation']}>
Debug - request.path: /exams/level/4/
Debug - Level: 4, Question Type: listening_conversation
Debug - Regular Questions: 20
Debug - user_answer_dict keys: []
Debug - questions after filter: [146, 147, 148, 149, 150, 151, 152, 153, 154, 155, 594, 595, 596, 597, 598, 599, 600, 601, 602, 603]
Debug - status: all
Debug - question_list called with level=4, exam_id=None, question_type=listening_conversation
Debug - request.GET: <QueryDict: {'type': ['listening_conversation'], 'num_questions': ['all'], 'status': ['all']}>
Debug - request.path: /exams/level/4/
Debug - Level: 4, Question Type: listening_conversation
Debug - Regular Questions: 20
Debug - user_answer_dict keys: []
Debug - questions after filter: [146, 147, 148, 149, 150, 151, 152, 153, 154, 155, 594, 595, 596, 597, 598, 599, 600, 601, 602, 603]
Debug - status: all
Debug - question_list called with level=4, exam_id=None, question_type=listening_passage
Debug - request.GET: <QueryDict: {'type': ['listening_passage']}>
Debug - request.path: /exams/level/4/
Debug - Level: 4, Question Type: listening_passage
Debug - Regular Questions: 20
Debug - user_answer_dict keys: []
Debug - questions after filter: [156, 157, 158, 159, 160, 161, 162, 163, 164, 165, 574, 575, 576, 577, 578, 579, 580, 581, 582, 583]
Debug - status: all
Debug - question_list called with level=4, exam_id=None, question_type=listening_passage
Debug - request.GET: <QueryDict: {'type': ['listening_passage'], 'num_questions': ['all'], 'status': ['all']}>
Debug - request.path: /exams/level/4/
Debug - Level: 4, Question Type: listening_passage
Debug - Regular Questions: 20
Debug - user_answer_dict keys: []
Debug - questions after filter: [156, 157, 158, 159, 160, 161, 162, 163, 164, 165, 574, 575, 576, 577, 578, 579, 580, 581, 582, 583]
Debug - status: all
Debug - question_list called with level=4, exam_id=None, question_type=listening_passage
Debug - request.GET: <QueryDict: {'type': ['listening_passage'], 'num_questions': ['all'], 'status': ['all']}>
Debug - request.path: /exams/level/4/
Debug - Level: 4, Question Type: listening_passage
Debug - Regular Questions: 20
Debug - user_answer_dict keys: []
Debug - questions after filter: [156, 157, 158, 159, 160, 161, 162, 163, 164, 165, 574, 575, 576, 577, 578, 579, 580, 581, 582, 583]
Debug - status: all
Debug - question_list called with level=4, exam_id=None, question_type=reading_comprehension
Debug - request.GET: <QueryDict: {'type': ['reading_comprehension']}>
Debug - request.path: /exams/level/4/
Debug - Level: 4, Question Type: reading_comprehension
Debug - Reading Passages: 6
Debug - question_list called with level=4, exam_id=None, question_type=reading_comprehension
Debug - request.GET: <QueryDict: {'type': ['reading_comprehension'], 'num_questions': ['all']}>
Debug - request.path: /exams/level/4/
Debug - Level: 4, Question Type: reading_comprehension
Debug - Reading Passages: 6
Debug - question_list called with level=4, exam_id=None, question_type=reading_comprehension
Debug - request.GET: <QueryDict: {'type': ['reading_comprehension'], 'num_questions': ['all']}>
Debug - request.path: /exams/level/4/
Debug - Level: 4, Question Type: reading_comprehension
Debug - Reading Passages: 9
Debug - question_list called with level=4, exam_id=None, question_type=listening_illustration
Debug - request.GET: <QueryDict: {'type': ['listening_illustration']}>
Debug - request.path: /exams/level/4/
Debug - Level: 4, Question Type: listening_illustration
Debug - Listening Illustration Questions: 30
Debug - question_list called with level=4, exam_id=None, question_type=listening_illustration
Debug - request.GET: <QueryDict: {'type': ['listening_illustration'], 'num_questions': ['all'], 'status': ['all']}>
Debug - request.path: /exams/level/4/
Debug - Level: 4, Question Type: listening_illustration
Debug - Listening Illustration Questions: 30
Debug - question_list called with level=4, exam_id=None, question_type=listening_illustration
Debug - request.GET: <QueryDict: {'type': ['listening_illustration'], 'num_questions': ['all'], 'status': ['all']}>
Debug - request.path: /exams/level/4/
Debug - Level: 4, Question Type: listening_illustration
Debug - Listening Illustration Questions: 30
Debug - question_list called with level=4, exam_id=None, question_type=listening_conversation
Debug - request.GET: <QueryDict: {'type': ['listening_conversation']}>
Debug - request.path: /exams/level/4/
Debug - Level: 4, Question Type: listening_conversation
Debug - Regular Questions: 30
Debug - user_answer_dict keys: []
Debug - questions after filter: [146, 147, 148, 149, 150, 151, 152, 153, 154, 155, 594, 595, 596, 597, 598, 599, 600, 601, 602, 603, 604, 605, 606, 607, 608, 609, 610, 611, 612, 613]
Debug - status: all
Debug - question_list called with level=4, exam_id=None, question_type=listening_conversation
Debug - request.GET: <QueryDict: {'type': ['listening_conversation'], 'num_questions': ['all'], 'status': ['all']}>
Debug - request.path: /exams/level/4/
Debug - Level: 4, Question Type: listening_conversation
Debug - Regular Questions: 30
Debug - user_answer_dict keys: []
Debug - questions after filter: [146, 147, 148, 149, 150, 151, 152, 153, 154, 155, 594, 595, 596, 597, 598, 599, 600, 601, 602, 603, 604, 605, 606, 607, 608, 609, 610, 611, 612, 613]
Debug - status: all
Debug - question_list called with level=4, exam_id=None, question_type=listening_conversation
Debug - request.GET: <QueryDict: {'type': ['listening_conversation'], 'num_questions': ['all'], 'status': ['all']}>
Debug - request.path: /exams/level/4/
Debug - Level: 4, Question Type: listening_conversation
Debug - Regular Questions: 30
Debug - user_answer_dict keys: []
Debug - questions after filter: [146, 147, 148, 149, 150, 151, 152, 153, 154, 155, 594, 595, 596, 597, 598, 599, 600, 601, 602, 603, 604, 605, 606, 607, 608, 609, 610, 611, 612, 613]
Debug - status: all
Debug - question_list called with level=4, exam_id=None, question_type=listening_conversation
Debug - request.GET: <QueryDict: {'type': ['listening_conversation'], 'num_questions': ['all'], 'status': ['all']}>
Debug - request.path: /exams/level/4/
Debug - Level: 4, Question Type: listening_conversation
Debug - Regular Questions: 30
Debug - user_answer_dict keys: []
Debug - questions after filter: [146, 147, 148, 149, 150, 151, 152, 153, 154, 155, 594, 595, 596, 597, 598, 599, 600, 601, 602, 603, 604, 605, 606, 607, 608, 609, 610, 611, 612, 613]
Debug - status: all
Debug - question_list called with level=4, exam_id=None, question_type=listening_conversation
Debug - request.GET: <QueryDict: {'type': ['listening_conversation'], 'num_questions': ['all'], 'status': ['all']}>
Debug - request.path: /exams/level/4/
Debug - Level: 4, Question Type: listening_conversation
Debug - Regular Questions: 30
Debug - user_answer_dict keys: []
Debug - questions after filter: [146, 147, 148, 149, 150, 151, 152, 153, 154, 155, 594, 595, 596, 597, 598, 599, 600, 601, 602, 603, 604, 605, 606, 607, 608, 609, 610, 611, 612, 613]
Debug - status: all
[12/Jul/2025 08:10:07] "GET /exams/level/4/?type=listening_passage HTTP/1.1" 200 41164
[12/Jul/2025 08:10:07] "GET /static/audio/part3/listening_passage_question17.mp3 HTTP/1.1" 304 0
[12/Jul/2025 08:10:07] "GET /static/audio/part3/listening_passage_question27.mp3 HTTP/1.1" 200 62924
[12/Jul/2025 08:10:07] "GET /static/audio/part3/listening_passage_question19.mp3 HTTP/1.1" 304 0
[12/Jul/2025 08:10:08] "GET /static/audio/part3/listening_passage_question11.mp3 HTTP/1.1" 304 0
[12/Jul/2025 08:10:08] "GET /static/audio/part3/listening_passage_question13.mp3 HTTP/1.1" 304 0
[12/Jul/2025 08:10:14] "GET /exams/level/4/?type=listening_passage&num_questions=all&status=all HTTP/1.1" 200 118057
[12/Jul/2025 08:10:15] "GET /static/audio/part3/listening_passage_question3.mp3 HTTP/1.1" 304 0
[12/Jul/2025 08:10:15] "GET /static/audio/part3/listening_passage_question4.mp3 HTTP/1.1" 304 0
[12/Jul/2025 08:10:15] "GET /static/audio/part3/listening_passage_question1.mp3 HTTP/1.1" 304 0
[12/Jul/2025 08:10:15] "GET /static/audio/part3/listening_passage_question2.mp3 HTTP/1.1" 304 0
[12/Jul/2025 08:10:15] "GET /static/audio/part3/listening_passage_question5.mp3 HTTP/1.1" 304 0
[12/Jul/2025 08:10:15] "GET /static/audio/part3/listening_passage_question10.mp3 HTTP/1.1" 304 0
[12/Jul/2025 08:10:15] "GET /static/audio/part3/listening_passage_question8.mp3 HTTP/1.1" 304 0
[12/Jul/2025 08:10:15] "GET /static/audio/part3/listening_passage_question6.mp3 HTTP/1.1" 304 0
[12/Jul/2025 08:10:15] "GET /static/audio/part3/listening_passage_question12.mp3 HTTP/1.1" 304 0
[12/Jul/2025 08:10:15] "GET /static/audio/part3/listening_passage_question14.mp3 HTTP/1.1" 304 0
[12/Jul/2025 08:10:15] "GET /static/audio/part3/listening_passage_question15.mp3 HTTP/1.1" 304 0
[12/Jul/2025 08:10:15] "GET /static/audio/part3/listening_passage_question9.mp3 HTTP/1.1" 304 0
[12/Jul/2025 08:10:15] "GET /static/audio/part3/listening_passage_question16.mp3 HTTP/1.1" 304 0
[12/Jul/2025 08:10:15] "GET /static/audio/part3/listening_passage_question7.mp3 HTTP/1.1" 304 0
[12/Jul/2025 08:10:15] "GET /static/audio/part3/listening_passage_question18.mp3 HTTP/1.1" 304 0
[12/Jul/2025 08:10:15] "GET /static/audio/part3/listening_passage_question20.mp3 HTTP/1.1" 304 0
[12/Jul/2025 08:10:15] "GET /static/audio/part3/listening_passage_question23.mp3 HTTP/1.1" 200 60236
[12/Jul/2025 08:10:15] "GET /static/audio/part3/listening_passage_question21.mp3 HTTP/1.1" 200 65420
[12/Jul/2025 08:10:15] "GET /static/audio/part3/listening_passage_question24.mp3 HTTP/1.1" 200 55628
[12/Jul/2025 08:10:15] "GET /static/audio/part3/listening_passage_question22.mp3 HTTP/1.1" 200 61964
[12/Jul/2025 08:10:15] "GET /static/audio/part3/listening_passage_question29.mp3 HTTP/1.1" 200 64460
[12/Jul/2025 08:10:15] "GET /static/audio/part3/listening_passage_question28.mp3 HTTP/1.1" 200 57260
[12/Jul/2025 08:10:15] "GET /static/audio/part3/listening_passage_question30.mp3 HTTP/1.1" 200 51788
[12/Jul/2025 08:10:15] "GET /static/audio/part3/listening_passage_question26.mp3 HTTP/1.1" 200 64748
[12/Jul/2025 08:10:15] "GET /static/audio/part3/listening_passage_question25.mp3 HTTP/1.1" 200 57068
Not Found: /favicon.ico
[12/Jul/2025 08:10:20] "GET /favicon.ico HTTP/1.1" 404 16388
[13/Jul/2025 22:52:09] "GET /exams/ HTTP/1.1" 200 29331
[13/Jul/2025 22:52:09] "GET /static/debug_toolbar/css/toolbar.css HTTP/1.1" 304 0
[13/Jul/2025 22:52:09] "GET /static/debug_toolbar/css/print.css HTTP/1.1" 304 0
[13/Jul/2025 22:52:09] "GET /static/debug_toolbar/js/toolbar.js HTTP/1.1" 304 0
[13/Jul/2025 22:52:09] "GET /static/debug_toolbar/js/utils.js HTTP/1.1" 304 0
[13/Jul/2025 22:52:13] "GET /exams/level/4/?type=listening_illustration HTTP/1.1" 200 40420
[13/Jul/2025 22:52:14] "GET /static/images/part1/listening_illustration_image12.png HTTP/1.1" 304 0
[13/Jul/2025 22:52:14] "GET /static/images/part1/listening_illustration_image34.png HTTP/1.1" 200 342404
[13/Jul/2025 22:52:14] "GET /static/audio/part1/listening_illustration_question12.mp3 HTTP/1.1" 304 0
[13/Jul/2025 22:52:14] "GET /static/images/part1/listening_illustration_image4.png HTTP/1.1" 304 0
[13/Jul/2025 22:52:14] "GET /static/images/part1/listening_illustration_image29.png HTTP/1.1" 304 0
[13/Jul/2025 22:52:14] "GET /static/images/part1/listening_illustration_image22.png HTTP/1.1" 304 0
[13/Jul/2025 22:52:14] "GET /static/audio/part1/listening_illustration_question4.mp3 HTTP/1.1" 304 0
[13/Jul/2025 22:52:14] "GET /static/audio/part1/listening_illustration_question29.mp3 HTTP/1.1" 304 0
[13/Jul/2025 22:52:14] "GET /static/audio/part1/listening_illustration_question22.mp3 HTTP/1.1" 304 0
[13/Jul/2025 22:52:14] "GET /static/audio/part1/listening_illustration_question34.mp3 HTTP/1.1" 200 85868
[13/Jul/2025 22:52:18] "GET /exams/level/4/?type=listening_illustration&num_questions=all&status=all HTTP/1.1" 200 142188
[13/Jul/2025 22:52:18] "GET /static/images/part1/listening_illustration_image6.png HTTP/1.1" 304 0
[13/Jul/2025 22:52:18] "GET /static/images/part1/listening_illustration_image5.png HTTP/1.1" 304 0
[13/Jul/2025 22:52:18] "GET /static/images/part1/listening_illustration_image3.png HTTP/1.1" 304 0
[13/Jul/2025 22:52:18] "GET /static/images/part1/listening_illustration_image2.png HTTP/1.1" 304 0
[13/Jul/2025 22:52:18] "GET /static/images/part1/listening_illustration_image7.png HTTP/1.1" 304 0
[13/Jul/2025 22:52:18] "GET /static/images/part1/listening_illustration_image8.png HTTP/1.1" 304 0
[13/Jul/2025 22:52:18] "GET /static/images/part1/listening_illustration_image9.png HTTP/1.1" 304 0
[13/Jul/2025 22:52:18] "GET /static/images/part1/listening_illustration_image1.png HTTP/1.1" 304 0
[13/Jul/2025 22:52:18] "GET /static/images/part1/listening_illustration_image10.png HTTP/1.1" 304 0
[13/Jul/2025 22:52:18] "GET /static/images/part1/listening_illustration_image11.png HTTP/1.1" 304 0
[13/Jul/2025 22:52:18] "GET /static/images/part1/listening_illustration_image16.png HTTP/1.1" 304 0
[13/Jul/2025 22:52:18] "GET /static/images/part1/listening_illustration_image15.png HTTP/1.1" 304 0
[13/Jul/2025 22:52:18] "GET /static/images/part1/listening_illustration_image14.png HTTP/1.1" 304 0
[13/Jul/2025 22:52:18] "GET /static/images/part1/listening_illustration_image13.png HTTP/1.1" 304 0
[13/Jul/2025 22:52:18] "GET /static/images/part1/listening_illustration_image17.png HTTP/1.1" 304 0
[13/Jul/2025 22:52:18] "GET /static/images/part1/listening_illustration_image18.png HTTP/1.1" 304 0
[13/Jul/2025 22:52:18] "GET /static/images/part1/listening_illustration_image19.png HTTP/1.1" 304 0
[13/Jul/2025 22:52:18] "GET /static/images/part1/listening_illustration_image23.png HTTP/1.1" 304 0
[13/Jul/2025 22:52:18] "GET /static/images/part1/listening_illustration_image21.png HTTP/1.1" 304 0
[13/Jul/2025 22:52:18] "GET /static/images/part1/listening_illustration_image24.png HTTP/1.1" 304 0
[13/Jul/2025 22:52:18] "GET /static/images/part1/listening_illustration_image20.png HTTP/1.1" 304 0
[13/Jul/2025 22:52:18] "GET /static/images/part1/listening_illustration_image25.png HTTP/1.1" 304 0
[13/Jul/2025 22:52:18] "GET /static/images/part1/listening_illustration_image26.png HTTP/1.1" 304 0
[13/Jul/2025 22:52:18] "GET /static/images/part1/listening_illustration_image27.png HTTP/1.1" 304 0
[13/Jul/2025 22:52:18] "GET /static/images/part1/listening_illustration_image30.png HTTP/1.1" 304 0
[13/Jul/2025 22:52:18] "GET /static/images/part1/listening_illustration_image31.png HTTP/1.1" 200 469620
[13/Jul/2025 22:52:18] "GET /static/images/part1/listening_illustration_image28.png HTTP/1.1" 304 0
[13/Jul/2025 22:52:18] "GET /static/images/part1/listening_illustration_image33.png HTTP/1.1" 200 374755
[13/Jul/2025 22:52:18] "GET /static/images/part1/listening_illustration_image32.png HTTP/1.1" 200 347317
[13/Jul/2025 22:52:19] "GET /static/images/part1/listening_illustration_image35.png HTTP/1.1" 200 471812
[13/Jul/2025 22:52:19] "GET /static/images/part1/listening_illustration_image39.png HTTP/1.1" 200 289677
[13/Jul/2025 22:52:19] "GET /static/audio/part1/listening_illustration_question1.mp3 HTTP/1.1" 304 0
[13/Jul/2025 22:52:19] "GET /static/images/part1/listening_illustration_image36.png HTTP/1.1" 200 380236
[13/Jul/2025 22:52:19] "GET /static/images/part1/listening_illustration_image40.png HTTP/1.1" 200 291928
[13/Jul/2025 22:52:19] "GET /static/images/part1/listening_illustration_image38.png HTTP/1.1" 200 369044
[13/Jul/2025 22:52:19] "GET /static/images/part1/listening_illustration_image37.png HTTP/1.1" 200 291047
[13/Jul/2025 22:52:19] "GET /static/audio/part1/listening_illustration_question2.mp3 HTTP/1.1" 304 0
[13/Jul/2025 22:52:19] "GET /static/audio/part1/listening_illustration_question3.mp3 HTTP/1.1" 304 0
[13/Jul/2025 22:52:19] "GET /static/audio/part1/listening_illustration_question5.mp3 HTTP/1.1" 304 0
[13/Jul/2025 22:52:19] "GET /static/audio/part1/listening_illustration_question6.mp3 HTTP/1.1" 304 0
[13/Jul/2025 22:52:19] "GET /static/audio/part1/listening_illustration_question7.mp3 HTTP/1.1" 304 0
[13/Jul/2025 22:52:19] "GET /static/audio/part1/listening_illustration_question8.mp3 HTTP/1.1" 304 0
[13/Jul/2025 22:52:19] "GET /static/audio/part1/listening_illustration_question9.mp3 HTTP/1.1" 304 0
[13/Jul/2025 22:52:19] "GET /static/audio/part1/listening_illustration_question10.mp3 HTTP/1.1" 304 0
[13/Jul/2025 22:52:19] "GET /static/audio/part1/listening_illustration_question11.mp3 HTTP/1.1" 304 0
[13/Jul/2025 22:52:19] "GET /static/audio/part1/listening_illustration_question13.mp3 HTTP/1.1" 304 0
[13/Jul/2025 22:52:19] "GET /static/audio/part1/listening_illustration_question14.mp3 HTTP/1.1" 304 0
[13/Jul/2025 22:52:19] "GET /static/audio/part1/listening_illustration_question15.mp3 HTTP/1.1" 304 0
[13/Jul/2025 22:52:19] "GET /static/audio/part1/listening_illustration_question18.mp3 HTTP/1.1" 304 0
[13/Jul/2025 22:52:19] "GET /static/audio/part1/listening_illustration_question17.mp3 HTTP/1.1" 304 0
[13/Jul/2025 22:52:19] "GET /static/audio/part1/listening_illustration_question16.mp3 HTTP/1.1" 304 0
[13/Jul/2025 22:52:19] "GET /static/audio/part1/listening_illustration_question19.mp3 HTTP/1.1" 304 0
[13/Jul/2025 22:52:19] "GET /static/audio/part1/listening_illustration_question21.mp3 HTTP/1.1" 304 0
[13/Jul/2025 22:52:19] "GET /static/audio/part1/listening_illustration_question20.mp3 HTTP/1.1" 304 0
[13/Jul/2025 22:52:19] "GET /static/audio/part1/listening_illustration_question23.mp3 HTTP/1.1" 304 0
[13/Jul/2025 22:52:19] "GET /static/audio/part1/listening_illustration_question25.mp3 HTTP/1.1" 304 0
[13/Jul/2025 22:52:19] "GET /static/audio/part1/listening_illustration_question24.mp3 HTTP/1.1" 304 0
[13/Jul/2025 22:52:19] "GET /static/audio/part1/listening_illustration_question27.mp3 HTTP/1.1" 304 0
[13/Jul/2025 22:52:19] "GET /static/audio/part1/listening_illustration_question28.mp3 HTTP/1.1" 304 0
[13/Jul/2025 22:52:19] "GET /static/audio/part1/listening_illustration_question26.mp3 HTTP/1.1" 304 0
[13/Jul/2025 22:52:19] "GET /static/audio/part1/listening_illustration_question30.mp3 HTTP/1.1" 304 0
[13/Jul/2025 22:52:19] "GET /static/audio/part1/listening_illustration_question31.mp3 HTTP/1.1" 200 77324
[13/Jul/2025 22:52:19] "GET /static/audio/part1/listening_illustration_question32.mp3 HTTP/1.1" 200 82316
[13/Jul/2025 22:52:19] "GET /static/audio/part1/listening_illustration_question33.mp3 HTTP/1.1" 200 73484
[13/Jul/2025 22:52:19] "GET /static/audio/part1/listening_illustration_question35.mp3 HTTP/1.1" 200 79532
[13/Jul/2025 22:52:19] "GET /static/audio/part1/listening_illustration_question37.mp3 HTTP/1.1" 200 73868
[13/Jul/2025 22:52:19] "GET /static/audio/part1/listening_illustration_question36.mp3 HTTP/1.1" 200 87116
[13/Jul/2025 22:52:19] "GET /static/audio/part1/listening_illustration_question39.mp3 HTTP/1.1" 200 75404
[13/Jul/2025 22:52:19] "GET /static/audio/part1/listening_illustration_question38.mp3 HTTP/1.1" 200 77996
[13/Jul/2025 22:52:19] "GET /static/audio/part1/listening_illustration_question40.mp3 HTTP/1.1" 200 84812
[13/Jul/2025 23:09:17] "GET /exams/ HTTP/1.1" 200 29331
[13/Jul/2025 23:09:21] "GET /exams/level/4/?type=listening_conversation HTTP/1.1" 200 41231
[13/Jul/2025 23:09:21] "GET /static/audio/part2/listening_conversation_question13.mp3 HTTP/1.1" 304 0
[13/Jul/2025 23:09:21] "GET /static/audio/part2/listening_conversation_question23.mp3 HTTP/1.1" 304 0
[13/Jul/2025 23:09:21] "GET /static/audio/part2/listening_conversation_question24.mp3 HTTP/1.1" 304 0
[13/Jul/2025 23:09:29] "GET /exams/level/4/?type=listening_conversation&num_questions=all&status=all HTTP/1.1" 200 148950
[13/Jul/2025 23:09:29] "GET /static/audio/part2/listening_conversation_question11.mp3 HTTP/1.1" 304 0
[13/Jul/2025 23:09:29] "GET /static/audio/part2/listening_conversation_question12.mp3 HTTP/1.1" 304 0
[13/Jul/2025 23:09:29] "GET /static/audio/part2/listening_conversation_question14.mp3 HTTP/1.1" 304 0
[13/Jul/2025 23:09:29] "GET /static/audio/part2/listening_conversation_question15.mp3 HTTP/1.1" 304 0
[13/Jul/2025 23:09:29] "GET /static/audio/part2/listening_conversation_question16.mp3 HTTP/1.1" 304 0
[13/Jul/2025 23:09:29] "GET /static/audio/part2/listening_conversation_question17.mp3 HTTP/1.1" 304 0
[13/Jul/2025 23:09:29] "GET /static/audio/part2/listening_conversation_question19.mp3 HTTP/1.1" 304 0
[13/Jul/2025 23:09:29] "GET /static/audio/part2/listening_conversation_question18.mp3 HTTP/1.1" 304 0
[13/Jul/2025 23:09:29] "GET /static/audio/part2/listening_conversation_question20.mp3 HTTP/1.1" 304 0
[13/Jul/2025 23:09:29] "GET /static/audio/part2/listening_conversation_question21.mp3 HTTP/1.1" 304 0
[13/Jul/2025 23:09:29] "GET /static/audio/part2/listening_conversation_question22.mp3 HTTP/1.1" 304 0
[13/Jul/2025 23:09:29] "GET /static/audio/part2/listening_conversation_question25.mp3 HTTP/1.1" 304 0
[13/Jul/2025 23:09:29] "GET /static/audio/part2/listening_conversation_question26.mp3 HTTP/1.1" 304 0
[13/Jul/2025 23:09:29] "GET /static/audio/part2/listening_conversation_question27.mp3 HTTP/1.1" 304 0
[13/Jul/2025 23:09:29] "GET /static/audio/part2/listening_conversation_question28.mp3 HTTP/1.1" 304 0
[13/Jul/2025 23:09:29] "GET /static/audio/part2/listening_conversation_question29.mp3 HTTP/1.1" 304 0
[13/Jul/2025 23:09:29] "GET /static/audio/part2/listening_conversation_question30.mp3 HTTP/1.1" 304 0
[13/Jul/2025 23:09:29] "GET /static/static/audio/part2/listening_conversation_question32.mp3 HTTP/1.1" 404 2041
[13/Jul/2025 23:09:30] "GET /static/static/audio/part2/listening_conversation_question31.mp3 HTTP/1.1" 404 2041
[13/Jul/2025 23:09:30] "GET /static/static/audio/part2/listening_conversation_question35.mp3 HTTP/1.1" 404 2041
[13/Jul/2025 23:09:30] "GET /static/static/audio/part2/listening_conversation_question34.mp3 HTTP/1.1" 404 2041
[13/Jul/2025 23:09:30] "GET /static/static/audio/part2/listening_conversation_question33.mp3 HTTP/1.1" 404 2041
[13/Jul/2025 23:09:30] "GET /static/static/audio/part2/listening_conversation_question36.mp3 HTTP/1.1" 404 2041
[13/Jul/2025 23:09:30] "GET /static/static/audio/part2/listening_conversation_question37.mp3 HTTP/1.1" 404 2041
[13/Jul/2025 23:09:30] "GET /static/static/audio/part2/listening_conversation_question38.mp3 HTTP/1.1" 404 2041
[13/Jul/2025 23:09:30] "GET /static/static/audio/part2/listening_conversation_question40.mp3 HTTP/1.1" 404 2041
[13/Jul/2025 23:09:30] "GET /static/static/audio/part2/listening_conversation_question39.mp3 HTTP/1.1" 404 2041
[13/Jul/2025 23:12:01] "HEAD /static/audio/part2/listening_conversation_question31.mp3 HTTP/1.1" 200 0
[13/Jul/2025 23:15:13] "GET /exams/level/4/?type=listening_conversation&num_questions=all&status=all HTTP/1.1" 200 148881
[13/Jul/2025 23:15:13] "GET /static/audio/part2/listening_conversation_question31.mp3 HTTP/1.1" 200 81356
[13/Jul/2025 23:15:13] "GET /static/audio/part2/listening_conversation_question35.mp3 HTTP/1.1" 200 66956
[13/Jul/2025 23:15:13] "GET /static/audio/part2/listening_conversation_question34.mp3 HTTP/1.1" 200 82700
[13/Jul/2025 23:15:13] "GET /static/audio/part2/listening_conversation_question32.mp3 HTTP/1.1" 200 72620
[13/Jul/2025 23:15:13] "GET /static/audio/part2/listening_conversation_question33.mp3 HTTP/1.1" 200 68012
[13/Jul/2025 23:15:14] "GET /static/audio/part2/listening_conversation_question38.mp3 HTTP/1.1" 200 73004
[13/Jul/2025 23:15:14] "GET /static/audio/part2/listening_conversation_question37.mp3 HTTP/1.1" 200 82892
[13/Jul/2025 23:15:14] "GET /static/audio/part2/listening_conversation_question39.mp3 HTTP/1.1" 200 83756
[13/Jul/2025 23:15:14] "GET /static/audio/part2/listening_conversation_question36.mp3 HTTP/1.1" 200 85868
[13/Jul/2025 23:15:14] "GET /static/audio/part2/listening_conversation_question40.mp3 HTTP/1.1" 200 72716
[13/Jul/2025 23:43:27] "GET /exams/ HTTP/1.1" 200 29331
[13/Jul/2025 23:43:30] "GET /exams/level/4/?type=listening_passage HTTP/1.1" 200 41264
[13/Jul/2025 23:43:30] "GET /static/audio/part3/listening_passage_question18.mp3 HTTP/1.1" 304 0
[13/Jul/2025 23:43:30] "GET /static/audio/part3/listening_passage_question35.mp3 HTTP/1.1" 200 61772
[13/Jul/2025 23:43:36] "GET /exams/level/4/?type=listening_passage&num_questions=all&status=all HTTP/1.1" 200 148878
[13/Jul/2025 23:43:36] "GET /static/audio/part3/listening_passage_question12.mp3 HTTP/1.1" 304 0
[13/Jul/2025 23:43:36] "GET /static/audio/part3/listening_passage_question14.mp3 HTTP/1.1" 304 0
[13/Jul/2025 23:43:36] "GET /static/audio/part3/listening_passage_question13.mp3 HTTP/1.1" 304 0
[13/Jul/2025 23:43:36] "GET /static/audio/part3/listening_passage_question17.mp3 HTTP/1.1" 304 0
[13/Jul/2025 23:43:36] "GET /static/audio/part3/listening_passage_question15.mp3 HTTP/1.1" 304 0
[13/Jul/2025 23:43:36] "GET /static/audio/part3/listening_passage_question19.mp3 HTTP/1.1" 304 0
[13/Jul/2025 23:43:36] "GET /static/audio/part3/listening_passage_question20.mp3 HTTP/1.1" 304 0
[13/Jul/2025 23:43:36] "GET /static/audio/part3/listening_passage_question21.mp3 HTTP/1.1" 304 0
[13/Jul/2025 23:43:36] "GET /static/audio/part3/listening_passage_question16.mp3 HTTP/1.1" 304 0
[13/Jul/2025 23:43:36] "GET /static/audio/part3/listening_passage_question11.mp3 HTTP/1.1" 304 0
[13/Jul/2025 23:43:36] "GET /static/audio/part3/listening_passage_question25.mp3 HTTP/1.1" 304 0
[13/Jul/2025 23:43:36] "GET /static/audio/part3/listening_passage_question24.mp3 HTTP/1.1" 304 0
[13/Jul/2025 23:43:36] "GET /static/audio/part3/listening_passage_question26.mp3 HTTP/1.1" 304 0
[13/Jul/2025 23:43:36] "GET /static/audio/part3/listening_passage_question23.mp3 HTTP/1.1" 304 0
[13/Jul/2025 23:43:36] "GET /static/audio/part3/listening_passage_question22.mp3 HTTP/1.1" 304 0
[13/Jul/2025 23:43:36] "GET /static/audio/part3/listening_passage_question29.mp3 HTTP/1.1" 304 0
[13/Jul/2025 23:43:36] "GET /static/audio/part3/listening_passage_question28.mp3 HTTP/1.1" 304 0
[13/Jul/2025 23:43:36] "GET /static/audio/part3/listening_passage_question30.mp3 HTTP/1.1" 304 0
[13/Jul/2025 23:43:36] "GET /static/audio/part3/listening_passage_question27.mp3 HTTP/1.1" 304 0
[13/Jul/2025 23:43:36] "GET /static/audio/part3/listening_passage_question31.mp3 HTTP/1.1" 200 60812
[13/Jul/2025 23:43:36] "GET /static/audio/part3/listening_passage_question33.mp3 HTTP/1.1" 200 67148
[13/Jul/2025 23:43:36] "GET /static/audio/part3/listening_passage_question34.mp3 HTTP/1.1" 200 67916
[13/Jul/2025 23:43:36] "GET /static/audio/part3/listening_passage_question36.mp3 HTTP/1.1" 200 64172
[13/Jul/2025 23:43:36] "GET /static/audio/part3/listening_passage_question38.mp3 HTTP/1.1" 200 63500
[13/Jul/2025 23:43:36] "GET /static/audio/part3/listening_passage_question37.mp3 HTTP/1.1" 200 66476
[13/Jul/2025 23:43:36] "GET /static/audio/part3/listening_passage_question32.mp3 HTTP/1.1" 200 58508
[13/Jul/2025 23:43:36] "GET /static/audio/part3/listening_passage_question40.mp3 HTTP/1.1" 200 62252
[13/Jul/2025 23:43:36] "GET /static/audio/part3/listening_passage_question39.mp3 HTTP/1.1" 200 60044
[13/Jul/2025 23:43:42] "GET /exams/ HTTP/1.1" 200 29331
[13/Jul/2025 23:46:11] "GET /exams/ HTTP/1.1" 200 29491
/Users/igusahiroyuki/PycharmProjects/eiken/eiken_project/urls.py changed, reloading.
Debug - question_list called with level=4, exam_id=None, question_type=listening_passage
Debug - request.GET: <QueryDict: {'type': ['listening_passage']}>
Debug - request.path: /exams/level/4/
Debug - Level: 4, Question Type: listening_passage
Debug - Regular Questions: 30
Debug - user_answer_dict keys: []
Debug - questions after filter: [156, 157, 158, 159, 160, 161, 162, 163, 164, 165, 574, 575, 576, 577, 578, 579, 580, 581, 582, 583, 614, 615, 616, 617, 618, 619, 620, 621, 622, 623]
Debug - status: all
Debug - question_list called with level=4, exam_id=None, question_type=listening_passage
Debug - request.GET: <QueryDict: {'type': ['listening_passage'], 'num_questions': ['all'], 'status': ['all']}>
Debug - request.path: /exams/level/4/
Debug - Level: 4, Question Type: listening_passage
Debug - Regular Questions: 30
Debug - user_answer_dict keys: []
Debug - questions after filter: [156, 157, 158, 159, 160, 161, 162, 163, 164, 165, 574, 575, 576, 577, 578, 579, 580, 581, 582, 583, 614, 615, 616, 617, 618, 619, 620, 621, 622, 623]
Debug - status: all
Debug - question_list called with level=4, exam_id=None, question_type=listening_illustration
Debug - request.GET: <QueryDict: {'type': ['listening_illustration']}>
Debug - request.path: /exams/level/4/
Debug - Level: 4, Question Type: listening_illustration
Debug - Listening Illustration Questions: 40
Debug - question_list called with level=4, exam_id=None, question_type=listening_illustration
Debug - request.GET: <QueryDict: {'type': ['listening_illustration'], 'num_questions': ['all'], 'status': ['all']}>
Debug - request.path: /exams/level/4/
Debug - Level: 4, Question Type: listening_illustration
Debug - Listening Illustration Questions: 40
Debug - question_list called with level=4, exam_id=None, question_type=listening_conversation
Debug - request.GET: <QueryDict: {'type': ['listening_conversation']}>
Debug - request.path: /exams/level/4/
Debug - Level: 4, Question Type: listening_conversation
Debug - Regular Questions: 40
Debug - user_answer_dict keys: []
Debug - questions after filter: [146, 147, 148, 149, 150, 151, 152, 153, 154, 155, 594, 595, 596, 597, 598, 599, 600, 601, 602, 603, 604, 605, 606, 607, 608, 609, 610, 611, 612, 613, 649, 650, 651, 652, 653, 654, 655, 656, 657, 658]
Debug - status: all
Debug - question_list called with level=4, exam_id=None, question_type=listening_conversation
Debug - request.GET: <QueryDict: {'type': ['listening_conversation'], 'num_questions': ['all'], 'status': ['all']}>
Debug - request.path: /exams/level/4/
Debug - Level: 4, Question Type: listening_conversation
Debug - Regular Questions: 40
Debug - user_answer_dict keys: []
Debug - questions after filter: [146, 147, 148, 149, 150, 151, 152, 153, 154, 155, 594, 595, 596, 597, 598, 599, 600, 601, 602, 603, 604, 605, 606, 607, 608, 609, 610, 611, 612, 613, 649, 650, 651, 652, 653, 654, 655, 656, 657, 658]
Debug - status: all
Debug - question_list called with level=4, exam_id=None, question_type=listening_conversation
Debug - request.GET: <QueryDict: {'type': ['listening_conversation'], 'num_questions': ['all'], 'status': ['all']}>
Debug - request.path: /exams/level/4/
Debug - Level: 4, Question Type: listening_conversation
Debug - Regular Questions: 40
Debug - user_answer_dict keys: []
Debug - questions after filter: [146, 147, 148, 149, 150, 151, 152, 153, 154, 155, 594, 595, 596, 597, 598, 599, 600, 601, 602, 603, 604, 605, 606, 607, 608, 609, 610, 611, 612, 613, 659, 660, 661, 662, 663, 664, 665, 666, 667, 668]
Debug - status: all
Debug - question_list called with level=4, exam_id=None, question_type=listening_passage
Debug - request.GET: <QueryDict: {'type': ['listening_passage']}>
Debug - request.path: /exams/level/4/
Debug - Level: 4, Question Type: listening_passage
Debug - Regular Questions: 40
Debug - user_answer_dict keys: []
Debug - questions after filter: [156, 157, 158, 159, 160, 161, 162, 163, 164, 165, 574, 575, 576, 577, 578, 579, 580, 581, 582, 583, 614, 615, 616, 617, 618, 619, 620, 621, 622, 623, 669, 670, 671, 672, 673, 674, 675, 676, 677, 678]
Debug - status: all
Debug - question_list called with level=4, exam_id=None, question_type=listening_passage
Debug - request.GET: <QueryDict: {'type': ['listening_passage'], 'num_questions': ['all'], 'status': ['all']}>
Debug - request.path: /exams/level/4/
Debug - Level: 4, Question Type: listening_passage
Debug - Regular Questions: 40
Debug - user_answer_dict keys: []
Debug - questions after filter: [156, 157, 158, 159, 160, 161, 162, 163, 164, 165, 574, 575, 576, 577, 578, 579, 580, 581, 582, 583, 614, 615, 616, 617, 618, 619, 620, 621, 622, 623, 669, 670, 671, 672, 673, 674, 675, 676, 677, 678]
Debug - status: all
Watching for file changes with StatReloader
Traceback (most recent call last):
  File "/Users/igusahiroyuki/PycharmProjects/eiken/manage.py", line 22, in <module>
    main()
  File "/Users/igusahiroyuki/PycharmProjects/eiken/manage.py", line 18, in main
    execute_from_command_line(sys.argv)
  File "/Users/igusahiroyuki/PycharmProjects/eiken/venv/lib/python3.9/site-packages/django/core/management/__init__.py", line 442, in execute_from_command_line
    utility.execute()
  File "/Users/igusahiroyuki/PycharmProjects/eiken/venv/lib/python3.9/site-packages/django/core/management/__init__.py", line 436, in execute
    self.fetch_command(subcommand).run_from_argv(self.argv)
  File "/Users/igusahiroyuki/PycharmProjects/eiken/venv/lib/python3.9/site-packages/django/core/management/base.py", line 412, in run_from_argv
    self.execute(*args, **cmd_options)
  File "/Users/igusahiroyuki/PycharmProjects/eiken/venv/lib/python3.9/site-packages/django/core/management/commands/runserver.py", line 74, in execute
    super().execute(*args, **options)
  File "/Users/igusahiroyuki/PycharmProjects/eiken/venv/lib/python3.9/site-packages/django/core/management/base.py", line 458, in execute
    output = self.handle(*args, **options)
  File "/Users/igusahiroyuki/PycharmProjects/eiken/venv/lib/python3.9/site-packages/django/core/management/commands/runserver.py", line 111, in handle
    self.run(**options)
  File "/Users/igusahiroyuki/PycharmProjects/eiken/venv/lib/python3.9/site-packages/django/core/management/commands/runserver.py", line 118, in run
    autoreload.run_with_reloader(self.inner_run, **options)
  File "/Users/igusahiroyuki/PycharmProjects/eiken/venv/lib/python3.9/site-packages/django/utils/autoreload.py", line 671, in run_with_reloader
    start_django(reloader, main_func, *args, **kwargs)
  File "/Users/igusahiroyuki/PycharmProjects/eiken/venv/lib/python3.9/site-packages/django/utils/autoreload.py", line 650, in start_django
    ensure_echo_on()
  File "/Users/igusahiroyuki/PycharmProjects/eiken/venv/lib/python3.9/site-packages/django/utils/autoreload.py", line 95, in ensure_echo_on
    if not termios or not sys.stdin.isatty():
AttributeError: 'NoneType' object has no attribute 'isatty'
